2022-09-07 11:02:59 INFO  TC01_AB_Testing:26 - Log: User clicked on A/B Link
2022-09-07 11:05:24 INFO  TC01_AB_Testing:26 - Log: User clicked on A/B Link
2022-09-07 15:33:14 INFO  TC01_AB_Testing:26 - Log: User clicked on A/B Link
2022-09-07 15:33:14 INFO  TC01_AB_Testing:39 - Log: Title Testing
2022-09-07 15:35:17 INFO  TC01_AB_Testing:39 - Log: Title Testing
2022-09-07 15:36:18 INFO  TC01_AB_Testing:27 - Log: User clicked on A/B Link
2022-09-07 15:50:23 INFO  TC01_AB_Testing:26 - Log: User clicked on A/B Link
2022-09-08 11:24:34 INFO  TC02_Add_Remove:21 - Log: User clicked on Add Remove Link
2022-09-08 17:45:25 INFO  TC02_Add_Remove:24 - Log: User clicked on Add Remove Link
2022-09-08 17:45:26 INFO  TC02_Add_Remove:37 - Log: User Clicked on Add Button
2022-09-08 17:45:26 INFO  TC02_Add_Remove:49 - Log: User Clicked on Delete Button
2022-09-08 17:46:26 INFO  TC02_Add_Remove:24 - Log: User clicked on Add Remove Link
2022-09-08 17:46:27 INFO  TC02_Add_Remove:37 - Log: User Clicked on Add Button
2022-09-08 17:46:27 INFO  TC02_Add_Remove:49 - Log: User Clicked on Delete Button
2022-09-08 17:46:56 INFO  TC02_Add_Remove:24 - Log: User clicked on Add Remove Link
2022-09-08 17:46:57 INFO  TC02_Add_Remove:37 - Log: User Clicked on Add Button
2022-09-08 17:46:57 INFO  TC02_Add_Remove:49 - Log: User Clicked on Delete Button
2022-09-08 17:47:59 INFO  TC02_Add_Remove:24 - Log: User clicked on Add Remove Link
2022-09-08 17:47:59 INFO  TC02_Add_Remove:37 - Log: User Clicked on Add Button
2022-09-08 17:47:59 INFO  TC02_Add_Remove:49 - Log: User Clicked on Delete Button
2022-09-08 17:50:58 INFO  TC02_Add_Remove:24 - Log: User clicked on Add Remove Link
2022-09-08 17:50:58 INFO  TC02_Add_Remove:37 - Log: User Clicked on Add Button
2022-09-08 17:50:58 INFO  TC02_Add_Remove:49 - Log: User Clicked on Delete Button
2022-09-08 18:47:38 INFO  TC02_Add_Remove:24 - Log: User clicked on Add Remove Link
2022-09-08 18:47:38 INFO  TC02_Add_Remove:37 - Log: User Clicked on Add Button
2022-09-08 18:47:39 INFO  TC02_Add_Remove:49 - Log: User Clicked on Delete Button
2022-09-08 21:19:47 INFO  TC03_User_Auth:21 - Log: User clicked on Auth Link
2022-09-09 08:55:52 INFO  TC03_User_Auth:20 - Log: User clicked on CheckBox Link
2022-09-09 08:55:52 INFO  TC03_User_Auth:31 - Log: User Clicked on CheckBox Button
2022-09-09 08:59:17 INFO  TC06_CheckBoxes:20 - Log: User clicked on CheckBox Link
2022-09-09 08:59:18 INFO  TC06_CheckBoxes:31 - Log: User Clicked on CheckBox Button
2022-09-09 09:02:44 INFO  TC06_CheckBoxes:20 - Log: User clicked on CheckBox Link
2022-09-09 09:02:45 INFO  TC06_CheckBoxes:31 - Log: User Clicked on CheckBox Button
2022-09-09 09:36:54 INFO  TC06_CheckBoxes:20 - Log: User clicked on CheckBox Link
2022-09-09 09:36:55 INFO  TC06_CheckBoxes:31 - Log: User Clicked on CheckBox Button
2022-09-09 09:36:55 INFO  TC06_CheckBoxes:43 - Log: Verify the CheckBox Button is Selected
2022-09-09 10:59:43 INFO  TC03_User_Auth:20 - Log: User clicked on Auth Link
2022-09-09 11:04:34 INFO  TC03_User_Auth:20 - Log: User clicked on Auth Link
2022-09-09 11:05:55 INFO  TC03_User_Auth:20 - Log: User clicked on Auth Link
2022-09-09 11:20:18 INFO  TC03_User_Auth:33 - Log: User Entered UserName
2022-09-09 11:35:00 INFO  TC03_User_Auth:34 - Log: User Entered UserName
2022-09-09 11:35:50 INFO  TC03_User_Auth:37 - Log: User Entered UserName
2022-09-09 14:36:26 INFO  TC03_User_Auth:37 - Log: User Entered UserName
2022-09-09 14:37:27 INFO  TC03_User_Auth:21 - Log: User clicked on Auth Link
2022-09-09 14:39:06 INFO  TC03_User_Auth:21 - Log: User clicked on Auth Link
2022-09-09 15:10:00 INFO  TC02_Add_Remove:24 - Log: User clicked on Add Remove Link
2022-09-09 15:17:02 INFO  TC02_Add_Remove:24 - Log: User clicked on Add Remove Link
2022-09-09 15:17:03 INFO  TC02_Add_Remove:37 - Log: User Clicked on Add Button
2022-09-09 15:25:33 INFO  TC02_Add_Remove:24 - Log: User clicked on Add Remove Link
2022-09-09 15:25:35 INFO  TC02_Add_Remove:37 - Log: User Clicked on Add Button
2022-09-09 15:27:35 INFO  TC02_Add_Remove:24 - Log: User clicked on Add Remove Link
2022-09-09 15:27:36 INFO  TC02_Add_Remove:37 - Log: User Clicked on Add Button
2022-09-09 15:27:50 INFO  TC02_Add_Remove:49 - Log: User Clicked on Delete Button
2022-09-09 15:28:49 INFO  TC02_Add_Remove:24 - Log: User clicked on Add Remove Link
2022-09-09 15:28:51 INFO  TC02_Add_Remove:37 - Log: User Clicked on Add Button
2022-09-09 15:28:58 INFO  TC02_Add_Remove:49 - Log: User Clicked on Delete Button
2022-09-09 15:29:32 INFO  TC02_Add_Remove:24 - Log: User clicked on Add Remove Link
2022-09-09 15:29:33 INFO  TC02_Add_Remove:37 - Log: User Clicked on Add Button
2022-09-09 15:30:04 INFO  TC02_Add_Remove:49 - Log: User Clicked on Delete Button
2022-09-09 15:31:11 INFO  TC02_Add_Remove:24 - Log: User clicked on Add Remove Link
2022-09-09 15:31:12 INFO  TC02_Add_Remove:37 - Log: User Clicked on Add Button
2022-09-09 15:31:13 INFO  TC02_Add_Remove:49 - Log: User Clicked on Delete Button
2022-09-09 19:33:25 INFO  TC04_Brokern_Images:25 - Log: User clicked on Broken Images Link
2022-09-09 19:33:25 INFO  TC04_Brokern_Images:37 - Log: List of Broken Images
2022-09-09 19:34:44 INFO  TC04_Brokern_Images:25 - Log: User clicked on Broken Images Link
2022-09-09 19:34:45 INFO  TC04_Brokern_Images:37 - Log: List of Broken Images
2022-09-10 10:07:58 INFO  TC04_Brokern_Images:25 - Log: User clicked on Broken Images Link
2022-09-10 10:08:04 INFO  TC04_Brokern_Images:37 - Log: List of Broken Images
2022-09-10 19:09:34 INFO  TC07_Inputs:21 - Log: User clicked on Input_numbers Link
2022-09-10 19:09:34 INFO  TC07_Inputs:33 - Log: User Entered Valid_Input_number
2022-09-10 19:26:46 INFO  TC07_Inputs:21 - Log: User clicked on Input_numbers Link
2022-09-10 19:26:47 INFO  TC07_Inputs:33 - Log: User Entered Valid_Input_number
2022-09-10 19:27:06 INFO  TC07_Inputs:21 - Log: User clicked on Input_numbers Link
2022-09-10 19:27:06 INFO  TC07_Inputs:33 - Log: User Entered Valid_Input_number
2022-09-10 19:36:48 INFO  TC07_Inputs:21 - Log: User clicked on Input_numbers Link
2022-09-10 19:36:49 INFO  TC07_Inputs:33 - Log: User Entered Valid_Input_number
2022-09-10 19:38:18 INFO  TC07_Inputs:21 - Log: User clicked on Input_numbers Link
2022-09-10 19:38:25 INFO  TC07_Inputs:33 - Log: User Entered Valid_Input_number
2022-09-10 20:41:09 INFO  TC07_Inputs:21 - Log: User clicked on Input_numbers Link
2022-09-10 20:41:17 INFO  TC07_Inputs:32 - Log: User Entered Valid_Input_number
2022-09-10 20:46:28 INFO  TC07_Inputs:21 - Log: User clicked on Input_numbers Link
2022-09-10 20:46:38 INFO  TC07_Inputs:32 - Log: User Entered Valid_Input_number
2022-09-10 20:47:14 INFO  TC07_Inputs:21 - Log: User clicked on Input_numbers Link
2022-09-11 09:14:45 INFO  TC08_DragDrop:20 - Log: User clicked on DD Link
2022-09-11 09:14:56 INFO  TC08_DragDrop:31 - Log: DD Actions
2022-09-11 09:21:33 INFO  TC08_DragDrop:20 - Log: User clicked on DD Link
2022-09-11 09:26:45 INFO  TC08_DragDrop:31 - Log: DD Actions
2022-09-11 09:42:08 INFO  TC05_DropDown:20 - Log: User clicked on DropDown Link
2022-09-11 09:42:57 INFO  TC05_DropDown:20 - Log: User clicked on DropDown Link
2022-09-11 09:43:58 INFO  TC05_DropDown:20 - Log: User clicked on DropDown Link
2022-09-11 09:43:59 INFO  TC05_DropDown:31 - Log: User Selected DropDown
2022-09-12 11:32:03 INFO  TC09_Mouse_hover:20 - Log: User clicked on Hover Link
2022-09-12 11:32:04 INFO  TC09_Mouse_hover:31 - Log: User Hover On Element
2022-09-12 11:32:31 INFO  TC09_Mouse_hover:20 - Log: User clicked on Hover Link
2022-09-12 11:32:31 INFO  TC09_Mouse_hover:31 - Log: User Hover On Element
2022-09-12 11:36:45 INFO  TC09_Mouse_hover:20 - Log: User clicked on Hover Link
2022-09-12 11:36:50 INFO  TC09_Mouse_hover:31 - Log: User Hover On Element
2022-09-12 11:43:49 INFO  TC09_Mouse_hover:20 - Log: User clicked on Hover Link
2022-09-12 11:43:58 INFO  TC09_Mouse_hover:31 - Log: User Hover On Element
2022-09-12 11:52:00 INFO  TC09_Mouse_hover:20 - Log: User clicked on Hover Link
2022-09-12 18:10:47 INFO  TC10_H_Slider:20 - Log: User clicked on H_Slider Link
2022-09-12 18:10:48 INFO  TC10_H_Slider:31 - Log: H_Slider Actions
2022-09-12 18:24:30 INFO  TC10_H_Slider:20 - Log: User clicked on H_Slider Link
2022-09-12 18:24:30 INFO  TC10_H_Slider:31 - Log: H_Slider Actions
2022-09-12 18:25:07 INFO  TC10_H_Slider:20 - Log: User clicked on H_Slider Link
2022-09-12 18:25:08 INFO  TC10_H_Slider:31 - Log: H_Slider Actions
2022-09-12 18:25:22 INFO  TC10_H_Slider:20 - Log: User clicked on H_Slider Link
2022-09-12 18:25:22 INFO  TC10_H_Slider:31 - Log: H_Slider Actions
2022-09-12 18:52:49 INFO  TC10_H_Slider:20 - Log: User clicked on H_Slider Link
2022-09-12 18:52:50 INFO  TC10_H_Slider:31 - Log: H_Slider Actions
2022-09-12 18:57:15 INFO  TC10_H_Slider:20 - Log: User clicked on H_Slider Link
2022-09-12 18:57:15 INFO  TC10_H_Slider:31 - Log: H_Slider Actions
2022-09-12 19:10:23 INFO  TC10_H_Slider:20 - Log: User clicked on H_Slider Link
2022-09-12 19:10:24 INFO  TC10_H_Slider:31 - Log: H_Slider Actions
2022-09-12 20:29:34 INFO  TC11_I_Scroll:20 - Log: User clicked on I_Scroll_Page Link
2022-09-12 20:29:35 INFO  TC11_I_Scroll:31 - Log: I_Scroll_Page Actions
2022-09-12 21:10:23 INFO  TC11_I_Scroll:20 - Log: User clicked on I_Scroll_Page Link
2022-09-12 21:10:24 INFO  TC11_I_Scroll:31 - Log: I_Scroll_Page Actions
2022-09-12 21:13:28 INFO  TC11_I_Scroll:20 - Log: User clicked on I_Scroll_Page Link
2022-09-12 21:44:53 INFO  TC11_Dynamic_Controls:20 - Log: User clicked on Dynamic_Control_Page Link
2022-09-12 21:46:08 INFO  TC11_Dynamic_Controls:20 - Log: User clicked on Dynamic_Control_Page Link
2022-09-12 21:49:05 INFO  TC11_Dynamic_Controls:20 - Log: User clicked on Dynamic_Control_Page Link
2022-09-12 21:49:14 INFO  TC11_Dynamic_Controls:31 - Log: DynamicControlRemove Actions
2022-09-13 12:39:12 INFO  TC13_Context_Menu:20 - Log: User clicked on Context_Menu_Page Link
2022-09-13 12:43:37 INFO  TC13_Context_Menu:20 - Log: User clicked on Context_Menu_Page Link
2022-09-13 12:43:37 INFO  TC13_Context_Menu:31 - Log: Context_Menu_Page Actions
2022-09-13 12:45:13 INFO  TC13_Context_Menu:20 - Log: User clicked on Context_Menu_Page Link
2022-09-13 12:45:15 INFO  TC13_Context_Menu:31 - Log: Context_Menu_Page Actions
2022-09-13 13:50:54 INFO  TC14_Modal_Dialog:20 - Log: User clicked on Model_Dialog_Page Link
2022-09-13 13:50:57 INFO  TC14_Modal_Dialog:31 - Log: Model_Dialog_Page Action : Window Closed
2022-09-13 13:51:53 INFO  TC14_Modal_Dialog:20 - Log: User clicked on Model_Dialog_Page Link
2022-09-13 13:51:55 INFO  TC14_Modal_Dialog:31 - Log: Model_Dialog_Page Action : Window Closed
2022-09-13 13:52:43 INFO  TC14_Modal_Dialog:20 - Log: User clicked on Model_Dialog_Page Link
2022-09-13 13:52:46 INFO  TC14_Modal_Dialog:31 - Log: Model_Dialog_Page Action : Window Closed
2022-09-13 13:56:09 INFO  TC14_Modal_Dialog:20 - Log: User clicked on Model_Dialog_Page Link
2022-09-13 13:56:10 INFO  TC14_Modal_Dialog:31 - Log: Model_Dialog_Page Action : Window Closed
2022-09-13 13:56:11 INFO  TC14_Modal_Dialog:42 - Log: Model_Dialog_Page Action : Window Re-Enabled
2022-09-13 19:34:34 INFO  TC15_File_Upload:20 - Log: User clicked on File_Upload_Page Link
2022-09-13 19:37:41 INFO  TC15_File_Upload:20 - Log: User clicked on File_Upload_Page Link
2022-09-13 19:37:48 INFO  TC15_File_Upload:31 - Log: File_Upload_Page Action : File Uploading......
2022-09-13 19:40:33 INFO  TC15_File_Upload:20 - Log: User clicked on File_Upload_Page Link
2022-09-13 19:40:41 INFO  TC15_File_Upload:31 - Log: File_Upload_Page Action : File Uploading......
2022-09-13 19:40:41 INFO  TC15_File_Upload:42 - Log: File_Upload_Page Action : Verify File Uploaded
2022-09-13 19:41:27 INFO  TC15_File_Upload:20 - Log: User clicked on File_Upload_Page Link
2022-09-13 19:41:35 INFO  TC15_File_Upload:31 - Log: File_Upload_Page Action : File Uploading......
2022-09-13 22:01:37 INFO  TC16_Floating_Menu:20 - Log: User clicked on Floating_Menu Link
2022-09-13 22:01:40 INFO  TC16_Floating_Menu:31 - Log: Floating_Menu : Actions
2022-09-14 08:38:12 INFO  TC17_JQ_Menu:20 - Log: User clicked on JQ_Menu_Page Link
2022-09-14 08:38:13 INFO  TC17_JQ_Menu:31 - Log: JQ_Menu_Actions
2022-09-14 08:39:42 INFO  TC17_JQ_Menu:20 - Log: User clicked on JQ_Menu_Page Link
2022-09-14 08:39:43 INFO  TC17_JQ_Menu:31 - Log: JQ_Menu_Actions
2022-09-14 08:40:38 INFO  TC17_JQ_Menu:20 - Log: User clicked on JQ_Menu_Page Link
2022-09-14 11:07:16 INFO  TC17_JQ_Menu:20 - Log: User clicked on JQ_Menu_Page Link
2022-09-14 11:07:19 INFO  TC17_JQ_Menu:31 - Log: JQ_Menu_Actions
2022-09-14 11:08:01 INFO  TC17_JQ_Menu:20 - Log: User clicked on JQ_Menu_Page Link
2022-09-14 11:08:04 INFO  TC17_JQ_Menu:31 - Log: JQ_Menu_Actions
2022-09-14 19:23:56 INFO  TC02_Add_Remove:25 - Log: User clicked on Add Remove Link
2022-09-14 19:23:57 INFO  TC02_Add_Remove:38 - Log: User Clicked on Add Button
2022-09-14 19:23:58 INFO  TC02_Add_Remove:50 - Log: User Clicked on Delete Button
2022-09-14 19:24:29 INFO  TC01_AB_Testing:22 - Log: User clicked on A/B Link
2022-09-14 19:24:29 INFO  TC01_AB_Testing:35 - Log: Title Testing
2022-09-14 19:34:05 INFO  TC03_User_Auth:30 - Log: User clicked on Auth Link
2022-09-14 19:37:51 INFO  TC06_CheckBoxes:21 - Log: User clicked on CheckBox Link
2022-09-14 19:37:51 INFO  TC06_CheckBoxes:32 - Log: User Clicked on CheckBox Button
2022-09-14 19:37:52 INFO  TC06_CheckBoxes:43 - Log: Verify the CheckBox Button is Selected
2022-09-14 19:48:19 INFO  TC04_Brokern_Images:22 - Log: User clicked on Broken Images Link
2022-09-14 19:48:24 INFO  TC04_Brokern_Images:33 - Log: List of Broken Images
2022-09-14 19:55:28 INFO  TC07_Inputs:22 - Log: User clicked on Input_numbers Link
2022-09-14 19:55:28 INFO  TC07_Inputs:33 - Log: User Entered Valid_Input_number
2022-09-14 21:34:38 INFO  TC07_Inputs:24 - Log: User clicked on Input_numbers Link
2022-09-14 21:36:46 INFO  TC07_Inputs:24 - Log: User clicked on Input_numbers Link
2022-09-14 21:36:47 INFO  TC07_Inputs:37 - Log: User Entered Valid_Input_number
2022-09-14 21:40:19 INFO  TC07_Inputs:24 - Log: User clicked on Input_numbers Link
2022-09-14 21:42:50 INFO  TC07_Inputs:24 - Log: User clicked on Input_numbers Link
2022-09-14 21:54:39 INFO  TC07_Inputs:24 - Log: User clicked on Input_numbers Link
2022-09-14 22:14:14 INFO  TC07_Inputs:24 - Log: User clicked on Input_numbers Link
2022-09-14 22:14:14 INFO  TC07_Inputs:40 - Log: User Entered Valid_Input_number
2022-09-14 22:42:00 INFO  TC08_DragDrop:21 - Log: User clicked on DD Link
2022-09-14 22:42:04 INFO  TC08_DragDrop:32 - Log: DD Actions
2022-09-14 22:44:31 INFO  TC05_DropDown:21 - Log: User clicked on DropDown Link
2022-09-14 22:44:32 INFO  TC05_DropDown:32 - Log: User Selected DropDown
2022-09-14 22:47:04 INFO  TC09_Mouse_hover:21 - Log: User clicked on Hover Link
2022-09-14 22:47:09 INFO  TC09_Mouse_hover:32 - Log: User Hover On Element
2022-09-14 22:48:44 INFO  TC10_H_Slider:21 - Log: User clicked on H_Slider Link
2022-09-14 22:48:46 INFO  TC10_H_Slider:32 - Log: H_Slider Actions
2022-09-14 22:51:14 INFO  TC12_I_Scroll:21 - Log: User clicked on I_Scroll_Page Link
2022-09-14 22:53:12 INFO  TC11_Dynamic_Controls:21 - Log: User clicked on Dynamic_Control_Page Link
2022-09-14 22:53:21 INFO  TC11_Dynamic_Controls:32 - Log: DynamicControlRemove Actions
2022-09-14 22:54:48 INFO  TC11_Dynamic_Controls:21 - Log: User clicked on Dynamic_Control_Page Link
2022-09-14 22:54:57 INFO  TC11_Dynamic_Controls:32 - Log: DynamicControlRemove Actions
2022-09-14 22:56:18 INFO  TC11_Dynamic_Controls:21 - Log: User clicked on Dynamic_Control_Page Link
2022-09-14 22:56:35 INFO  TC11_Dynamic_Controls:32 - Log: DynamicControlRemove Actions
2022-09-14 23:03:38 INFO  TC11_Dynamic_Controls:21 - Log: User clicked on Dynamic_Control_Page Link
2022-09-14 23:03:56 INFO  TC11_Dynamic_Controls:32 - Log: DynamicControlRemove Actions
2022-09-14 23:05:04 INFO  TC11_Dynamic_Controls:21 - Log: User clicked on Dynamic_Control_Page Link
2022-09-14 23:05:50 INFO  TC11_Dynamic_Controls:32 - Log: DynamicControlRemove Actions
2022-09-14 23:07:48 INFO  TC11_Dynamic_Controls:21 - Log: User clicked on Dynamic_Control_Page Link
2022-09-14 23:08:19 INFO  TC11_Dynamic_Controls:32 - Log: DynamicControlRemove Actions
2022-09-14 23:09:12 INFO  TC11_Dynamic_Controls:21 - Log: User clicked on Dynamic_Control_Page Link
2022-09-14 23:09:28 INFO  TC11_Dynamic_Controls:43 - Log: DynamicControlDisable Actions
2022-09-14 23:09:45 INFO  TC11_Dynamic_Controls:32 - Log: DynamicControlRemove Actions
2022-09-14 23:29:54 INFO  TC13_Context_Menu:21 - Log: User clicked on Context_Menu_Page Link
2022-09-14 23:29:57 INFO  TC13_Context_Menu:32 - Log: Context_Menu_Page Actions
2022-09-14 23:31:50 INFO  TC14_Modal_Dialog:21 - Log: User clicked on Model_Dialog_Page Link
2022-09-14 23:31:51 INFO  TC14_Modal_Dialog:32 - Log: Model_Dialog_Page Action : Window Closed
2022-09-14 23:31:52 INFO  TC14_Modal_Dialog:43 - Log: Model_Dialog_Page Action : Window Re-Enabled
2022-09-14 23:33:55 INFO  TC15_File_Upload:21 - Log: User clicked on File_Upload_Page Link
2022-09-14 23:34:02 INFO  TC15_File_Upload:32 - Log: File_Upload_Page Action : File Uploading......
2022-09-14 23:35:51 INFO  TC16_Floating_Menu:21 - Log: User clicked on Floating_Menu Link
2022-09-14 23:35:54 INFO  TC16_Floating_Menu:32 - Log: Floating_Menu : Actions
2022-09-14 23:37:51 INFO  TC17_JQ_Menu:21 - Log: User clicked on JQ_Menu_Page Link
2022-09-14 23:37:54 INFO  TC17_JQ_Menu:32 - Log: JQ_Menu_Actions
2022-09-15 14:42:44 INFO  TC18_JQAlerts:22 - Log: User clicked on Alert_Page Link
2022-09-15 14:48:15 INFO  TC18_JQAlerts:22 - Log: User clicked on Alert_Page Link
2022-09-15 14:48:18 INFO  TC18_JQAlerts:30 - Log: User Clicked Alert1
2022-09-15 14:48:19 INFO  TC18_JQAlerts:37 - Log: User Clicked Alert1
2022-09-15 15:07:00 INFO  TC18_JQAlerts:22 - Log: User clicked on Alert_Page Link
2022-09-15 15:07:03 INFO  TC18_JQAlerts:30 - Log: User Clicked Alert1
2022-09-15 15:07:04 INFO  TC18_JQAlerts:37 - Log: User Clicked Alert1
2022-09-15 15:12:52 INFO  TC18_JQAlerts:22 - Log: User clicked on Alert_Page Link
2022-09-15 15:12:55 INFO  TC18_JQAlerts:30 - Log: User Clicked Alert1
2022-09-15 15:12:56 INFO  TC18_JQAlerts:37 - Log: User Clicked Alert1
2022-09-15 15:14:22 INFO  TC18_JQAlerts:22 - Log: User clicked on Alert_Page Link
2022-09-15 15:14:25 INFO  TC18_JQAlerts:30 - Log: User Clicked Alert1
2022-09-15 15:14:26 INFO  TC18_JQAlerts:37 - Log: User Clicked Alert1
2022-09-15 15:14:28 INFO  TC18_JQAlerts:44 - Log: User Clicked Alert2
2022-09-15 15:14:29 INFO  TC18_JQAlerts:51 - Log: User Clicked Alert2
2022-09-15 15:14:31 INFO  TC18_JQAlerts:58 - Log: User Clicked Alert3
2022-09-15 15:18:20 INFO  TC18_JQAlerts:22 - Log: User clicked on Alert_Page Link
2022-09-15 15:18:22 INFO  TC18_JQAlerts:30 - Log: User Clicked Alert1
2022-09-15 15:18:24 INFO  TC18_JQAlerts:37 - Log: User Clicked Alert1
2022-09-15 15:18:26 INFO  TC18_JQAlerts:44 - Log: User Clicked Alert2
2022-09-15 15:18:27 INFO  TC18_JQAlerts:51 - Log: User Clicked Alert2
2022-09-15 15:18:29 INFO  TC18_JQAlerts:58 - Log: User Clicked Alert3
2022-09-15 15:22:42 INFO  TC18_JQAlerts:22 - Log: User clicked on Alert_Page Link
2022-09-15 15:22:45 INFO  TC18_JQAlerts:30 - Log: User Clicked Alert1
2022-09-15 15:22:46 INFO  TC18_JQAlerts:37 - Log: User Clicked Alert1
2022-09-15 15:22:48 INFO  TC18_JQAlerts:44 - Log: User Clicked Alert2
2022-09-15 15:22:49 INFO  TC18_JQAlerts:51 - Log: User Clicked Alert2
2022-09-15 15:22:52 INFO  TC18_JQAlerts:58 - Log: User Clicked Alert3
2022-09-15 15:47:21 INFO  TC18_JQAlerts:22 - Log: User clicked on Alert_Page Link
2022-09-15 15:47:23 INFO  TC18_JQAlerts:30 - Log: User Clicked Alert1
2022-09-15 15:47:24 INFO  TC18_JQAlerts:37 - Log: User Clicked Alert1
2022-09-15 15:47:27 INFO  TC18_JQAlerts:44 - Log: User Clicked Alert2
2022-09-15 15:47:28 INFO  TC18_JQAlerts:51 - Log: User Clicked Alert2
2022-09-15 15:47:31 INFO  TC18_JQAlerts:58 - Log: User Clicked Alert3
2022-09-15 15:47:32 INFO  TC18_JQAlerts:65 - Log: User Clicked Alert3
2022-09-15 19:54:28 INFO  TC19_KeyPress:23 - Log: User clicked on KeyPressLink
2022-09-15 19:54:31 INFO  TC19_KeyPress:36 - Log: KeyPressActions Testing
2022-09-15 20:06:24 INFO  TC19_KeyPress:20 - Log: User clicked on KeyPressLink
2022-09-15 20:06:25 INFO  TC19_KeyPress:28 - Log: KeyPressActions1 Testing
2022-09-15 20:06:26 INFO  TC19_KeyPress:42 - Log: KeyPressActions2 Testing
2022-09-15 20:06:27 INFO  TC19_KeyPress:56 - Log: KeyPressActions2 Testing
2022-09-15 20:07:49 INFO  TC19_KeyPress:20 - Log: User clicked on KeyPressLink
2022-09-15 20:07:51 INFO  TC19_KeyPress:28 - Log: KeyPressActions1 Testing
2022-09-15 20:07:52 INFO  TC19_KeyPress:42 - Log: KeyPressActions2 Testing
2022-09-15 20:07:53 INFO  TC19_KeyPress:56 - Log: KeyPressActions2 Testing
2022-09-15 20:27:14 INFO  TC19_KeyPress:20 - Log: User clicked on KeyPressLink
2022-09-15 20:27:15 INFO  TC19_KeyPress:28 - Log: KeyPressActions1 Testing
2022-09-15 20:27:16 INFO  TC19_KeyPress:42 - Log: KeyPressActions2 Testing
2022-09-15 20:27:17 INFO  TC19_KeyPress:56 - Log: KeyPressActions2 Testing
2022-09-15 20:30:15 INFO  TC19_KeyPress:20 - Log: User clicked on KeyPressLink
2022-09-15 20:30:16 INFO  TC19_KeyPress:28 - Log: KeyPressActions1 Testing
2022-09-15 20:30:18 INFO  TC19_KeyPress:42 - Log: KeyPressActions2 Testing
2022-09-15 20:30:19 INFO  TC19_KeyPress:56 - Log: KeyPressActions2 Testing
2022-09-15 20:31:18 INFO  TC19_KeyPress:20 - Log: User clicked on KeyPressLink
2022-09-15 20:31:19 INFO  TC19_KeyPress:28 - Log: KeyPressActions1 Testing
2022-09-15 20:31:20 INFO  TC19_KeyPress:42 - Log: KeyPressActions2 Testing
2022-09-15 20:31:22 INFO  TC19_KeyPress:56 - Log: KeyPressActions2 Testing
2022-09-15 21:03:09 INFO  TC19_KeyPress:20 - Log: User clicked on KeyPressLink
2022-09-15 21:03:10 INFO  TC19_KeyPress:28 - Log: KeyPressActions1 Testing
2022-09-15 21:03:12 INFO  TC19_KeyPress:42 - Log: KeyPressActions2 Testing
2022-09-15 21:03:13 INFO  TC19_KeyPress:56 - Log: KeyPressActions2 Testing
2022-09-15 21:12:24 INFO  TC19_KeyPress:20 - Log: User clicked on KeyPressLink
2022-09-15 21:12:26 INFO  TC19_KeyPress:28 - Log: KeyPressActions1 Testing
2022-09-15 21:12:27 INFO  TC19_KeyPress:42 - Log: KeyPressActions2 Testing
2022-09-15 21:12:29 INFO  TC19_KeyPress:56 - Log: KeyPressActions2 Testing
2022-09-15 21:17:09 INFO  TC19_KeyPress:20 - Log: User clicked on KeyPressLink
2022-09-15 21:17:11 INFO  TC19_KeyPress:28 - Log: KeyPressActions1 Testing
2022-09-15 21:17:12 INFO  TC19_KeyPress:35 - Log: KeyPressActions1 Verifications
2022-09-15 21:17:13 INFO  TC19_KeyPress:42 - Log: KeyPressActions2 Testing
2022-09-15 21:17:14 INFO  TC19_KeyPress:56 - Log: KeyPressActions2 Testing
2022-09-15 21:19:48 INFO  TC19_KeyPress:20 - Log: User clicked on KeyPressLink
2022-09-15 21:19:50 INFO  TC19_KeyPress:28 - Log: KeyPressActions1 Testing
2022-09-15 21:19:51 INFO  TC19_KeyPress:35 - Log: KeyPressActions1 Verifications
2022-09-15 21:19:52 INFO  TC19_KeyPress:42 - Log: KeyPressActions2 Testing
2022-09-15 21:19:53 INFO  TC19_KeyPress:49 - Log: KeyPressActions2 Verifications
2022-09-15 21:19:54 INFO  TC19_KeyPress:56 - Log: KeyPressActions2 Testing
2022-09-15 21:34:17 INFO  TC20_NotificationMsg:20 - Log: User clicked on Notification Msg Link
2022-09-15 21:34:19 INFO  TC20_NotificationMsg:35 - Log: NMsgActionVerification Closing
2022-09-15 21:34:20 INFO  TC20_NotificationMsg:42 - Log: NMsgActionVerification Reloading
2022-09-15 21:36:17 INFO  TC20_NotificationMsg:20 - Log: User clicked on Notification Msg Link
2022-09-15 21:36:18 INFO  TC20_NotificationMsg:35 - Log: NMsgActionVerification Closing
2022-09-15 21:36:19 INFO  TC20_NotificationMsg:42 - Log: NMsgActionVerification Reloading
2022-09-15 21:40:47 INFO  TC20_NotificationMsg:20 - Log: User clicked on Notification Msg Link
2022-09-15 21:40:49 INFO  TC20_NotificationMsg:35 - Log: NMsgActionVerification Closing
2022-09-15 21:40:50 INFO  TC20_NotificationMsg:42 - Log: NMsgActionVerification Reloading
2022-09-15 22:00:18 INFO  TC20_NotificationMsg:20 - Log: User clicked on Notification Msg Link
2022-09-15 22:00:20 INFO  TC20_NotificationMsg:35 - Log: NMsgActionVerification Closing
2022-09-15 22:00:21 INFO  TC20_NotificationMsg:42 - Log: NMsgActionVerification Reloading
2022-09-16 18:08:43 INFO  TC21_NewWindow:23 - Log: User clicked on New_Window_Page Link
2022-09-16 18:10:37 INFO  TC21_NewWindow:23 - Log: User clicked on New_Window_Page Link
2022-09-16 18:10:39 INFO  TC21_NewWindow:36 - Log: New Window Testing
2022-09-16 19:36:32 INFO  TC21_NewWindow:23 - Log: User clicked on New_Window_Page Link
2022-09-16 19:36:36 INFO  TC21_NewWindow:36 - Log: New Window Testing
2022-09-16 21:10:13 INFO  TC22_NestedFrames:23 - Log: User clicked on Nested_Frames_Page Link
2022-09-16 21:16:17 INFO  TC22_NestedFrames:23 - Log: User clicked on Nested_Frames_Page Link
2022-09-16 21:18:28 INFO  TC22_NestedFrames:23 - Log: User clicked on Nested_Frames_Page Link
2022-09-16 21:19:32 INFO  TC22_NestedFrames:23 - Log: User clicked on Nested_Frames_Page Link
2022-09-19 13:41:42 INFO  TC23R_RedirectLinks:26 - Log: User clicked on RedirectLinks_Page Link
2022-09-19 13:42:22 INFO  TC23R_RedirectLinks:26 - Log: User clicked on RedirectLinks_Page Link
2022-09-19 13:44:21 INFO  TC23R_RedirectLinks:23 - Log: User clicked on RedirectLinks_Page Link
2022-09-19 13:44:22 INFO  TC23R_RedirectLinks:34 - Log: Nested_Frames_Page Testing
2022-09-19 13:44:28 INFO  TC23R_RedirectLinks:43 - Log: Nested_Frames_Page Testing
2022-09-19 14:03:03 INFO  TC23R_RedirectLinks:23 - Log: User clicked on RedirectLinks_Page Link
2022-09-19 14:03:05 INFO  TC23R_RedirectLinks:34 - Log: RedirectAction Testing
2022-09-19 14:03:10 INFO  TC23R_RedirectLinks:43 - Log: RedirectAction_200 Testing
2022-09-19 14:03:14 INFO  TC23R_RedirectLinks:52 - Log: RedirectAction_301 Testing
2022-09-19 14:03:18 INFO  TC23R_RedirectLinks:61 - Log: RedirectAction_404 Testing
2022-09-19 14:03:22 INFO  TC23R_RedirectLinks:70 - Log: RedirectAction_404 Testing
2022-09-19 14:03:57 INFO  TC23R_RedirectLinks:23 - Log: User clicked on RedirectLinks_Page Link
2022-09-19 14:03:58 INFO  TC23R_RedirectLinks:34 - Log: RedirectAction Testing
2022-09-19 14:04:04 INFO  TC23R_RedirectLinks:43 - Log: RedirectAction_200 Testing
2022-09-19 14:04:08 INFO  TC23R_RedirectLinks:52 - Log: RedirectAction_301 Testing
2022-09-19 14:04:12 INFO  TC23R_RedirectLinks:61 - Log: RedirectAction_404 Testing
2022-09-19 14:04:17 INFO  TC23R_RedirectLinks:70 - Log: RedirectAction_404 Testing
2022-09-19 19:58:48 INFO  TC24_FileDownload:23 - Log: User clicked on File_Download_Page  Link
2022-09-19 20:02:57 INFO  TC24_FileDownload:23 - Log: User clicked on File_Download_Page  Link
2022-09-19 20:05:53 INFO  TC24_FileDownload:23 - Log: User clicked on File_Download_Page  Link
2022-09-19 20:06:04 INFO  TC24_FileDownload:32 - Log: User clicked on File_Download_1
2022-09-19 20:12:29 INFO  TC24_FileDownload:23 - Log: User clicked on File_Download_Page  Link
2022-09-19 22:06:25 INFO  TC24_FileDownload:23 - Log: User clicked on File_Download_Page  Link
2022-09-19 22:06:40 INFO  TC24_FileDownload:32 - Log: User clicked on File_Download_1
2022-09-19 22:07:44 INFO  TC24_FileDownload:23 - Log: User clicked on File_Download_Page  Link
2022-09-19 22:07:56 INFO  TC24_FileDownload:32 - Log: User clicked on File_Download_1
2022-09-19 22:32:07 INFO  TC25_ShandowText:23 - Log: User clicked on Shadow_Text_Page Link
2022-09-19 22:32:07 INFO  TC25_ShandowText:36 - Log: Shadow_Text_1 Testing
2022-09-20 00:16:54 INFO  TC25_ShandowText:23 - Log: User clicked on Shadow_Text_Page Link
2022-09-20 10:15:54 INFO  TC25_ShandowText:23 - Log: User clicked on Shadow_Text_Page Link
2022-09-20 10:26:24 INFO  TC25_ShandowText:23 - Log: User clicked on Shadow_Text_Page Link
2022-09-20 10:58:59 INFO  TC25_ShandowText:23 - Log: User clicked on Shadow_Text_Page Link
2022-09-20 11:06:55 INFO  TC25_ShandowText:23 - Log: User clicked on Shadow_Text_Page Link
2022-09-21 16:15:01 INFO  TC26_SlowResource:26 - Log: User clicked on SlowResource_Pag Link
2022-09-21 16:15:39 INFO  TC26_SlowResource:39 - Log: SlowResource_Actions Testing
2022-09-21 16:18:15 INFO  TC26_SlowResource:24 - Log: User clicked on SlowResource_Pag Link
2022-09-21 16:18:54 INFO  TC26_SlowResource:35 - Log: SlowResource_Actions Testing
2022-09-21 16:19:35 INFO  TC26_SlowResource:24 - Log: User clicked on SlowResource_Pag Link
2022-09-21 16:20:14 INFO  TC26_SlowResource:35 - Log: SlowResource_Actions Testing
2022-09-21 16:38:00 INFO  TC26_SlowResource:24 - Log: User clicked on SlowResource_Pag Link
2022-09-21 16:38:02 INFO  TC26_SlowResource:35 - Log: SlowResource_Actions Testing
2022-09-21 16:40:08 INFO  TC26_SlowResource:24 - Log: User clicked on SlowResource_Pag Link
2022-09-21 16:40:10 INFO  TC26_SlowResource:35 - Log: SlowResource_Actions Testing
2022-09-21 18:37:00 INFO  TC26_SlowResource:24 - Log: User clicked on SlowResource_Pag Link
2022-09-21 18:37:37 INFO  TC26_SlowResource:35 - Log: SlowResource_Actions Testing
2022-09-21 19:07:39 INFO  TC27_ShiftContentOne:24 - Log: User clicked on ShiftContentOne Link
2022-09-21 19:08:23 INFO  TC27_ShiftContentOne:24 - Log: User clicked on ShiftContentOne Link
2022-09-21 20:49:47 INFO  TC27_ShiftContentOne:24 - Log: User clicked on ShiftContentOne Link
2022-09-21 20:50:41 INFO  TC27_ShiftContentOne:24 - Log: User clicked on ShiftContentOne Link
2022-09-21 20:51:53 INFO  TC27_ShiftContentOne:24 - Log: User clicked on ShiftContentOne Link
2022-09-21 20:52:45 INFO  TC27_ShiftContentOne:24 - Log: User clicked on ShiftContentOne Link
2022-09-21 20:53:32 INFO  TC27_ShiftContentOne:24 - Log: User clicked on ShiftContentOne Link
2022-09-21 21:55:24 INFO  TC27_ShiftContentOne:24 - Log: User clicked on ShiftContentOne Link
2022-09-21 22:32:32 INFO  TC27_ShiftContentOne:24 - Log: User clicked on ShiftContentOne Link
2022-09-21 22:32:35 INFO  TC27_ShiftContentOne:35 - Log: ShiftContents_Actions Testing
2022-09-21 22:32:39 INFO  TC27_ShiftContentOne:42 - Log: ShiftContentsActionRefresh Testing
2022-09-21 22:32:44 INFO  TC27_ShiftContentOne:49 - Log: ShiftContentsActionRandom Testing
2022-09-21 22:32:48 INFO  TC27_ShiftContentOne:56 - Log: ShiftContentsActionPixelShift Testing
2022-09-21 22:35:41 INFO  TC27_ShiftContentOne:24 - Log: User clicked on ShiftContentOne Link
2022-09-21 22:35:43 INFO  TC27_ShiftContentOne:35 - Log: ShiftContents_Actions Testing
2022-09-21 22:35:48 INFO  TC27_ShiftContentOne:42 - Log: ShiftContentsActionRefresh Testing
2022-09-21 22:35:52 INFO  TC27_ShiftContentOne:49 - Log: ShiftContentsActionRandom Testing
2022-09-21 22:35:56 INFO  TC27_ShiftContentOne:56 - Log: ShiftContentsActionPixelShift Testing
2022-09-21 22:36:01 INFO  TC27_ShiftContentOne:63 - Log: ShiftContentsAction_Both_Together Testing
2022-09-21 23:36:18 INFO  TC28_Spell_Check:21 - Log: User clicked on SpellCheckLink
2022-09-21 23:36:23 INFO  TC28_Spell_Check:34 - Log: SpellCheck_WebSite_Navigation and word spell check Testing
2022-09-21 23:37:25 INFO  TC28_Spell_Check:21 - Log: User clicked on SpellCheckLink
2022-09-21 23:39:55 INFO  TC28_Spell_Check:21 - Log: User clicked on SpellCheckLink
2022-09-21 23:40:13 INFO  TC28_Spell_Check:34 - Log: SpellCheck_WebSite_Navigation and word spell check Testing
2022-09-22 00:36:34 INFO  TC29_Editor:21 - Log: User clicked on ClickOnEditorLink
2022-09-22 00:40:58 INFO  TC29_Editor:21 - Log: User clicked on ClickOnEditorLink
2022-09-22 00:46:58 INFO  TC29_Editor:21 - Log: User clicked on ClickOnEditorLink
2022-09-22 00:49:10 INFO  TC29_Editor:21 - Log: User clicked on ClickOnEditorLink
2022-09-22 00:50:33 INFO  TC29_Editor:21 - Log: User clicked on ClickOnEditorLink
2022-09-22 10:45:24 INFO  TC29_Editor:21 - Log: User clicked on ClickOnEditorLink
2022-09-22 10:48:09 INFO  TC29_Editor:20 - Log: User clicked on ClickOnEditorLink
2022-09-22 10:54:57 INFO  TC29_Editor:20 - Log: User clicked on ClickOnEditorLink
2022-09-22 10:54:58 INFO  TC29_Editor:29 - Log: ChangeIFrame Testing
2022-09-22 11:16:30 INFO  TC29_Editor:20 - Log: User clicked on ClickOnEditorLink
2022-09-22 11:16:32 INFO  TC29_Editor:29 - Log: ChangeIFrame Testing
2022-09-22 17:30:19 INFO  TC29_Editor:20 - Log: User clicked on ClickOnEditorLink
2022-09-22 17:31:39 INFO  TC29_Editor:20 - Log: User clicked on ClickOnEditorLink
2022-09-22 17:34:42 INFO  TC29_Editor:20 - Log: User clicked on ClickOnEditorLink
2022-09-22 17:34:43 INFO  TC29_Editor:29 - Log: ChangeIFrame Testing
2022-09-22 17:35:45 INFO  TC29_Editor:20 - Log: User clicked on ClickOnEditorLink
2022-09-22 17:35:46 INFO  TC29_Editor:29 - Log: ChangeIFrame Testing
2022-09-22 17:37:17 INFO  TC29_Editor:20 - Log: User clicked on ClickOnEditorLink
2022-09-22 17:37:19 INFO  TC29_Editor:29 - Log: ChangeIFrame Testing
2022-09-22 17:39:43 INFO  TC29_Editor:20 - Log: User clicked on ClickOnEditorLink
2022-09-22 17:39:54 INFO  TC29_Editor:29 - Log: ChangeIFrame Testing
2022-09-22 17:40:17 INFO  TC29_Editor:20 - Log: User clicked on ClickOnEditorLink
2022-09-22 17:40:18 INFO  TC29_Editor:29 - Log: ChangeIFrame Testing
2022-09-22 17:42:12 INFO  TC29_Editor:20 - Log: User clicked on ClickOnEditorLink
2022-09-22 17:42:14 INFO  TC29_Editor:29 - Log: ChangeIFrame Testing
2022-09-22 17:45:00 INFO  TC29_Editor:20 - Log: User clicked on ClickOnEditorLink
2022-09-22 17:45:01 INFO  TC29_Editor:29 - Log: ChangeIFrame Testing
2022-09-22 17:47:18 INFO  TC29_Editor:20 - Log: User clicked on ClickOnEditorLink
2022-09-22 17:47:19 INFO  TC29_Editor:29 - Log: ChangeIFrame Testing
2022-09-22 17:49:26 INFO  TC29_Editor:20 - Log: User clicked on ClickOnEditorLink
2022-09-22 17:49:27 INFO  TC29_Editor:29 - Log: ChangeIFrame Testing
2022-09-22 18:01:56 INFO  TC29_Editor:20 - Log: User clicked on ClickOnEditorLink
2022-09-22 18:01:57 INFO  TC29_Editor:29 - Log: ChangeIFrame Testing
2022-09-22 18:01:58 INFO  TC29_Editor:37 - Log: EditorActions Testing
2022-09-22 18:02:58 INFO  TC29_Editor:61 - Log: EditorActions_Get_Text Testing
2022-09-22 18:25:37 INFO  TC29_Editor:20 - Log: User clicked on ClickOnEditorLink
2022-09-22 18:25:40 INFO  TC29_Editor:37 - Log: BoldText Testing
2022-09-22 18:27:04 INFO  TC29_Editor:20 - Log: User clicked on ClickOnEditorLink
2022-09-22 18:27:06 INFO  TC29_Editor:29 - Log: ChangeIFrame Testing
2022-09-22 18:27:08 INFO  TC29_Editor:37 - Log: BoldText Testing
2022-09-22 18:27:08 INFO  TC29_Editor:53 - Log: EditorActions Testing
2022-09-22 18:30:40 INFO  TC29_Editor:20 - Log: User clicked on ClickOnEditorLink
2022-09-22 18:30:42 INFO  TC29_Editor:29 - Log: ChangeIFrame Testing
2022-09-22 18:30:44 INFO  TC29_Editor:38 - Log: BoldText Testing
2022-09-22 18:32:47 INFO  TC29_Editor:20 - Log: User clicked on ClickOnEditorLink
2022-09-22 18:32:48 INFO  TC29_Editor:29 - Log: ChangeIFrame Testing
2022-09-22 18:32:51 INFO  TC29_Editor:38 - Log: BoldText Testing
2022-09-22 18:46:06 INFO  TC29_Editor:20 - Log: User clicked on ClickOnEditorLink
2022-09-22 18:46:08 INFO  TC29_Editor:29 - Log: ChangeIFrame Testing
2022-09-22 18:46:10 INFO  TC29_Editor:37 - Log: BoldText Testing
2022-09-22 18:46:12 INFO  TC29_Editor:44 - Log: ItalicText Testing
2022-09-22 18:50:22 INFO  TC29_Editor:20 - Log: User clicked on ClickOnEditorLink
2022-09-22 18:50:23 INFO  TC29_Editor:28 - Log: ChangeIFrame Testing
2022-09-22 18:50:26 INFO  TC29_Editor:36 - Log: BoldText Testing
2022-09-22 18:50:27 INFO  TC29_Editor:43 - Log: ItalicText Testing
2022-09-22 18:57:16 INFO  TC29_Editor:20 - Log: User clicked on ClickOnEditorLink
2022-09-22 18:57:18 INFO  TC29_Editor:28 - Log: ChangeIFrame Testing
2022-09-22 18:57:20 INFO  TC29_Editor:36 - Log: BoldText Testing
2022-09-22 18:57:22 INFO  TC29_Editor:43 - Log: ItalicText Testing
2022-09-22 18:57:24 INFO  TC29_Editor:52 - Log: EditorActions Testing
2022-09-22 19:04:44 INFO  TC29_Editor:20 - Log: User clicked on ClickOnEditorLink
2022-09-22 19:04:46 INFO  TC29_Editor:28 - Log: ChangeIFrame Testing
2022-09-22 19:04:48 INFO  TC29_Editor:36 - Log: BoldText Testing
2022-09-22 19:04:49 INFO  TC29_Editor:43 - Log: ItalicText Testing
2022-09-22 19:04:51 INFO  TC29_Editor:52 - Log: EditorActions Testing
2022-09-22 19:20:19 INFO  TC29_Editor:20 - Log: User clicked on ClickOnEditorLink
2022-09-22 19:20:21 INFO  TC29_Editor:28 - Log: ChangeIFrame Testing
2022-09-22 19:20:23 INFO  TC29_Editor:36 - Log: BoldText Testing
2022-09-22 19:20:25 INFO  TC29_Editor:43 - Log: ItalicText Testing
2022-09-22 19:20:27 INFO  TC29_Editor:52 - Log: EditorActions Testing
2022-09-22 19:22:39 INFO  TC29_Editor:20 - Log: User clicked on ClickOnEditorLink
2022-09-22 19:22:41 INFO  TC29_Editor:28 - Log: ChangeIFrame Testing
2022-09-22 19:22:43 INFO  TC29_Editor:36 - Log: BoldText Testing
2022-09-22 19:22:45 INFO  TC29_Editor:43 - Log: ItalicText Testing
2022-09-22 19:22:47 INFO  TC29_Editor:52 - Log: EditorActions Testing
2022-09-22 19:23:00 INFO  TC29_Editor:60 - Log: EditorActions_Change_Heading_Type Testing
2022-09-22 19:23:02 INFO  TC29_Editor:68 - Log: EditorActions_Change_Color_Formats Testing
2022-09-22 19:23:02 INFO  TC29_Editor:76 - Log: EditorActions_Get_Text Testing
2022-09-22 19:24:11 INFO  TC29_Editor:20 - Log: User clicked on ClickOnEditorLink
2022-09-22 19:24:13 INFO  TC29_Editor:28 - Log: ChangeIFrame Testing
2022-09-22 19:24:15 INFO  TC29_Editor:36 - Log: BoldText Testing
2022-09-22 19:24:17 INFO  TC29_Editor:43 - Log: ItalicText Testing
2022-09-22 19:24:19 INFO  TC29_Editor:52 - Log: EditorActions Testing
2022-09-22 19:24:22 INFO  TC29_Editor:60 - Log: EditorActions_Change_Heading_Type Testing
2022-09-22 19:24:23 INFO  TC29_Editor:68 - Log: EditorActions_Change_Color_Formats Testing
2022-09-22 19:24:24 INFO  TC29_Editor:76 - Log: EditorActions_Get_Text Testing
2022-09-22 19:33:50 INFO  TC29_Editor:20 - Log: User clicked on ClickOnEditorLink
2022-09-22 19:33:51 INFO  TC29_Editor:28 - Log: ChangeIFrame Testing
2022-09-22 19:33:54 INFO  TC29_Editor:36 - Log: BoldText Testing
2022-09-22 19:33:56 INFO  TC29_Editor:43 - Log: ItalicText Testing
2022-09-22 19:33:58 INFO  TC29_Editor:52 - Log: EditorActions Testing
2022-09-22 19:34:00 INFO  TC29_Editor:60 - Log: EditorActions_Change_Heading_Type Testing
2022-09-22 19:34:02 INFO  TC29_Editor:68 - Log: EditorActions_Change_Color_Formats Testing
2022-09-22 19:34:02 INFO  TC29_Editor:76 - Log: EditorActions_Get_Text Testing
2022-09-22 19:34:04 INFO  TC29_Editor:84 - Log: EditorActions_Change_Font_Family Testing
2022-09-22 19:34:06 INFO  TC29_Editor:92 - Log: EditorActions_Change_Font_Size Testing
2022-09-22 19:34:08 INFO  TC29_Editor:100 - Log: EditorActions_Change_Background_Color Testing
2022-09-22 19:34:49 INFO  TC29_Editor:20 - Log: User clicked on ClickOnEditorLink
2022-09-22 19:34:49 INFO  TC29_Editor:28 - Log: ChangeIFrame Testing
2022-09-22 19:34:51 INFO  TC29_Editor:36 - Log: BoldText Testing
2022-09-22 19:34:52 INFO  TC29_Editor:43 - Log: ItalicText Testing
2022-09-22 19:34:53 INFO  TC29_Editor:52 - Log: EditorActions Testing
2022-09-22 19:34:54 INFO  TC29_Editor:60 - Log: EditorActions_Change_Heading_Type Testing
2022-09-22 19:34:55 INFO  TC29_Editor:68 - Log: EditorActions_Change_Color_Formats Testing
2022-09-22 19:34:55 INFO  TC29_Editor:76 - Log: EditorActions_Get_Text Testing
2022-09-22 19:34:56 INFO  TC29_Editor:84 - Log: EditorActions_Change_Font_Family Testing
2022-09-22 19:34:57 INFO  TC29_Editor:92 - Log: EditorActions_Change_Font_Size Testing
2022-09-22 19:34:58 INFO  TC29_Editor:100 - Log: EditorActions_Change_Background_Color Testing
2022-09-22 20:19:41 INFO  TC30_JS_Errors:21 - Log: User clicked on JSError Link
2022-09-22 21:39:46 INFO  TC30_JS_Errors:21 - Log: User clicked on JSError Link
2022-09-22 21:39:47 INFO  TC30_JS_Errors:34 - Log: SpellCheck_WebSite_Navigation and word spell check Testing
2022-09-22 21:40:35 INFO  TC30_JS_Errors:21 - Log: User clicked on JSError Link
2022-09-22 21:40:35 INFO  TC30_JS_Errors:34 - Log: JS_Errors_List_Outputs Testing
2022-09-22 21:42:14 INFO  TC30_JS_Errors:21 - Log: User clicked on JSError Link
2022-09-22 21:45:00 INFO  TC30_JS_Errors:21 - Log: User clicked on JSError Link
2022-09-22 21:45:00 INFO  TC30_JS_Errors:34 - Log: JS_Errors_List_Outputs Testing
2022-09-22 21:48:14 INFO  TC30_JS_Errors:21 - Log: User clicked on JSError Link
2022-09-22 21:48:14 INFO  TC30_JS_Errors:34 - Log: JS_Errors_List_Outputs Testing
2022-09-22 21:50:16 INFO  TC30_JS_Errors:21 - Log: User clicked on JSError Link
2022-09-22 21:50:16 INFO  TC30_JS_Errors:34 - Log: JS_Errors_List_Outputs Testing
2022-09-22 21:50:58 INFO  TC30_JS_Errors:21 - Log: User clicked on JSError Link
2022-09-22 21:50:58 INFO  TC30_JS_Errors:34 - Log: JS_Errors_List_Outputs Testing
2022-09-22 22:06:57 INFO  TC29_Editor:20 - Log: User clicked on ClickOnEditorLink
2022-09-22 22:06:58 INFO  TC29_Editor:28 - Log: ChangeIFrame Testing
2022-09-22 22:06:58 INFO  TC29_Editor:36 - Log: BoldText Testing
2022-09-22 22:06:58 INFO  TC29_Editor:43 - Log: ItalicText Testing
2022-09-22 22:06:59 INFO  TC29_Editor:52 - Log: EditorActions Testing
2022-09-22 22:06:59 INFO  TC29_Editor:60 - Log: EditorActions_Change_Heading_Type Testing
2022-09-22 22:07:00 INFO  TC29_Editor:68 - Log: EditorActions_Change_Color_Formats Testing
2022-09-22 22:07:00 INFO  TC29_Editor:76 - Log: EditorActions_Get_Text Testing
2022-09-22 22:07:00 INFO  TC29_Editor:84 - Log: EditorActions_Change_Font_Family Testing
2022-09-22 22:07:01 INFO  TC29_Editor:92 - Log: EditorActions_Change_Font_Size Testing
2022-09-22 22:07:01 INFO  TC29_Editor:100 - Log: EditorActions_Change_Background_Color Testing
2022-09-23 09:10:37 INFO  TC22_NestedFrames:23 - Log: User clicked on Nested_Frames_Page Link
2022-09-23 09:13:16 INFO  TC22_NestedFrames:23 - Log: User clicked on Nested_Frames_Page Link
2022-09-23 09:28:28 INFO  TC22_NestedFrames:23 - Log: User clicked on Nested_Frames_Page Link
2022-09-23 09:37:31 INFO  TC22_NestedFrames:23 - Log: User clicked on Nested_Frames_Page Link
2022-09-23 09:37:32 INFO  TC22_NestedFrames:36 - Log: Nested_Frames_Page Testing
2022-09-23 09:37:33 INFO  TC22_NestedFrames:47 - Log: Nested_Frames_Page Testing
2022-09-23 09:38:39 INFO  TC22_NestedFrames:23 - Log: User clicked on Nested_Frames_Page Link
2022-09-23 09:39:32 INFO  TC22_NestedFrames:23 - Log: User clicked on Nested_Frames_Page Link
2022-09-23 09:39:33 INFO  TC22_NestedFrames:36 - Log: Nested_Frames_Page Testing
2022-09-23 09:39:34 INFO  TC22_NestedFrames:47 - Log: Nested_Frames_Page Testing
2022-09-23 09:53:05 INFO  TC22_NestedFrames:23 - Log: User clicked on Nested_Frames_Page Link
2022-09-23 09:53:05 INFO  TC22_NestedFrames:36 - Log: Nested_Frames_Page Testing
2022-09-23 09:53:06 INFO  TC22_NestedFrames:69 - Log: NestedFramesActions_Bottom Testing
2022-09-23 09:55:50 INFO  TC22_NestedFrames:23 - Log: User clicked on Nested_Frames_Page Link
2022-09-23 09:55:51 INFO  TC22_NestedFrames:36 - Log: Nested_Frames_Page Testing
2022-09-23 09:55:51 INFO  TC22_NestedFrames:47 - Log: Nested_Frames_Page Testing
2022-09-23 09:59:15 INFO  TC22_NestedFrames:23 - Log: User clicked on Nested_Frames_Page Link
2022-09-23 09:59:16 INFO  TC22_NestedFrames:36 - Log: Nested_Frames_Page Testing
2022-09-23 09:59:16 INFO  TC22_NestedFrames:47 - Log: Nested_Frames_Page Testing
2022-09-23 09:59:16 INFO  TC22_NestedFrames:58 - Log: SwitchFrame_Child_Bottom Testing
2022-09-23 09:59:17 INFO  TC22_NestedFrames:69 - Log: NestedFramesActions_Bottom Testing
2022-09-23 10:27:35 INFO  TC31_Exit_Content:21 - Log: User clicked on ExitContentLink
2022-09-23 10:27:46 INFO  TC31_Exit_Content:34 - Log: ExitContent_Actions Testing
2022-09-23 10:29:10 INFO  TC31_Exit_Content:21 - Log: User clicked on ExitContentLink
2022-09-23 10:30:05 INFO  TC31_Exit_Content:21 - Log: User clicked on ExitContentLink
2022-09-23 10:31:09 INFO  TC31_Exit_Content:23 - Log: User clicked on ExitContentLink
2022-09-23 10:31:13 INFO  TC31_Exit_Content:36 - Log: ExitContent_Actions Testing
2022-09-23 10:59:20 INFO  TC32_Dynamic_Content:23 - Log: User clicked on Dynamic_Content Link
2022-09-23 11:04:00 INFO  TC32_Dynamic_Content:23 - Log: User clicked on Dynamic_Content Link
2022-09-23 11:11:26 INFO  TC32_Dynamic_Content:23 - Log: User clicked on Dynamic_Content Link
2022-09-23 11:22:17 INFO  TC33_Digest_Auth:22 - Log: User clicked on Digest_Auth_Page Link
2022-09-23 11:24:10 INFO  TC33_Digest_Auth:22 - Log: User clicked on Digest_Auth_Page Link
2022-09-23 11:25:09 INFO  TC33_Digest_Auth:22 - Log: User clicked on Digest_Auth_Page Link
2022-09-23 11:25:10 INFO  TC33_Digest_Auth:33 - Log: User Authenticated
